android/app/build/outputs/logs/manifest-merger-baidu-debug-report.txt
-- Merging decision tree log ---
manifest
ADDED from src/main/AndroidManifest.xml:1:1-106:12
	package
		ADDED from src/main/AndroidManifest.xml:2:5-46
		INJECTED from src/main/AndroidManifest.xml
		INJECTED from src/main/AndroidManifest.xml
	android:versionName
		INJECTED from src/main/AndroidManifest.xml
		INJECTED from src/main/AndroidManifest.xml
	xmlns:android
		ADDED from src/main/AndroidManifest.xml:1:11-69
	android:versionCode
		INJECTED from src/main/AndroidManifest.xml
		INJECTED from src/main/AndroidManifest.xml
	android:largeHeap
		ADDED from src/main/AndroidManifest.xml:3:11-35
uses-permission#android.permission.INTERNET
ADDED from src/main/AndroidManifest.xml:5:5-67
MERGED from [wawajilive:react-native-code-push:unspecified] AndroidManifest.xml:11:5-67
MERGED from [wawajilive:react-native-getui:unspecified] AndroidManifest.xml:12:5-67
MERGED from [wawajilive:react-native-wechat:unspecified] AndroidManifest.xml:11:5-67
MERGED from [:LiteAVSDK_Smart_3.7.3403:] AndroidManifest.xml:13:5-67
MERGED from [com.tencent.bugly:crashreport_upgrade:1.3.4] AndroidManifest.xml:12:5-67
	android:name
		ADDED from src/main/AndroidManifest.xml:5:22-64
uses-permission#android.permission.ACCESS_NETWORK_STATE
ADDED from src/main/AndroidManifest.xml:7:5-79
MERGED from [wawajilive:react-native-getui:unspecified] AndroidManifest.xml:14:5-79
MERGED from [wawajilive:react-native-wechat:unspecified] AndroidManifest.xml:12:5-79
MERGED from [:LiteAVSDK_Smart_3.7.3403:] AndroidManifest.xml:12:5-79
MERGED from [com.tencent.bugly:crashreport_upgrade:1.3.4] AndroidManifest.xml:13:5-79
	android:name
		ADDED from src/main/AndroidManifest.xml:7:22-76
uses-permission#android.permission.ACCESS_WIFI_STATE
ADDED from src/main/AndroidManifest.xml:8:5-76
MERGED from [wawajilive:react-native-getui:unspecified] AndroidManifest.xml:16:5-76
MERGED from [wawajilive:react-native-wechat:unspecified] AndroidManifest.xml:13:5-76
MERGED from [:LiteAVSDK_Smart_3.7.3403:] AndroidManifest.xml:17:5-76
MERGED from [com.tencent.bugly:crashreport_upgrade:1.3.4] AndroidManifest.xml:14:5-76
	android:name
		ADDED from src/main/AndroidManifest.xml:8:22-73
uses-permission#android.permission.READ_PHONE_STATE
ADDED from src/main/AndroidManifest.xml:9:5-75
MERGED from [wawajilive:react-native-getui:unspecified] AndroidManifest.xml:13:5-75
MERGED from [wawajilive:react-native-wechat:unspecified] AndroidManifest.xml:14:5-75
MERGED from [com.tencent.bugly:crashreport_upgrade:1.3.4] AndroidManifest.xml:11:5-75
	android:name
		ADDED from src/main/AndroidManifest.xml:9:22-72
uses-permission#android.permission.WRITE_EXTERNAL_STORAGE
ADDED from src/main/AndroidManifest.xml:10:5-80
MERGED from [wawajilive:react-native-getui:unspecified] AndroidManifest.xml:19:5-81
MERGED from [wawajilive:react-native-wechat:unspecified] AndroidManifest.xml:15:5-81
MERGED from [:LiteAVSDK_Smart_3.7.3403:] AndroidManifest.xml:16:5-81
MERGED from [com.tencent.bugly:crashreport_upgrade:1.3.4] AndroidManifest.xml:16:5-81
	android:name
		ADDED from src/main/AndroidManifest.xml:10:22-78
uses-permission#android.permission.READ_LOGS
ADDED from src/main/AndroidManifest.xml:11:5-68
MERGED from [com.tencent.bugly:crashreport_upgrade:1.3.4] AndroidManifest.xml:15:5-68
	android:name
		ADDED from src/main/AndroidManifest.xml:11:22-65
uses-permission#android.permission.CHANGE_NETWORK_STATE
ADDED from src/main/AndroidManifest.xml:13:5-79
	android:name
		ADDED from src/main/AndroidManifest.xml:13:22-76
uses-permission#android.permission.VIBRATE
ADDED from src/main/AndroidManifest.xml:14:5-66
MERGED from [wawajilive:react-native-getui:unspecified] AndroidManifest.xml:20:5-66
	android:name
		ADDED from src/main/AndroidManifest.xml:14:22-63
uses-permission#android.permission.GET_TASKS
ADDED from src/main/AndroidManifest.xml:17:5-68
MERGED from [wawajilive:react-native-getui:unspecified] AndroidManifest.xml:21:5-68
	android:name
		ADDED from src/main/AndroidManifest.xml:17:22-65
uses-permission#android.permission.MODIFY_AUDIO_SETTINGS
ADDED from src/main/AndroidManifest.xml:18:5-80
	android:name
		ADDED from src/main/AndroidManifest.xml:18:22-77
uses-permission#android.permission.RECEIVE_BOOT_COMPLETED
ADDED from src/main/AndroidManifest.xml:19:5-81
MERGED from [wawajilive:react-native-getui:unspecified] AndroidManifest.xml:18:5-81
	android:name
		ADDED from src/main/AndroidManifest.xml:19:22-78
uses-permission#android.permission.RECORD_AUDIO
ADDED from src/main/AndroidManifest.xml:20:5-71
MERGED from [:LiteAVSDK_Smart_3.7.3403:] AndroidManifest.xml:14:5-71
	android:name
		ADDED from src/main/AndroidManifest.xml:20:22-68
uses-permission#android.permission.WAKE_LOCK
ADDED from src/main/AndroidManifest.xml:21:5-68
MERGED from [wawajilive:react-native-getui:unspecified] AndroidManifest.xml:17:5-68
	android:name
		ADDED from src/main/AndroidManifest.xml:21:22-65
application
ADDED from src/main/AndroidManifest.xml:26:5-105:19
MERGED from [wawajilive:react-native-code-push:unspecified] AndroidManifest.xml:13:5-15:19
MERGED from [wawajilive:react-native-getui:unspecified] AndroidManifest.xml:38:5-89:19
MERGED from [com.facebook.react:react-native:0.49.5] AndroidManifest.xml:13:5-20
MERGED from [com.android.support:appcompat-v7:23.0.1] AndroidManifest.xml:22:5-20
MERGED from [com.android.support:support-v4:23.0.1] AndroidManifest.xml:22:5-20
MERGED from [com.facebook.soloader:soloader:0.1.0] AndroidManifest.xml:3:3-17
MERGED from [org.webkit:android-jsc:r174650] AndroidManifest.xml:2:3-17
MERGED from [:LiteAVSDK_Smart_3.7.3403:] AndroidManifest.xml:21:5-25:19
MERGED from [com.tencent.bugly:crashreport_upgrade:1.3.4] AndroidManifest.xml:19:5-205:19
	android:label
		ADDED from src/main/AndroidManifest.xml:29:7-39
	android:supportsRtl
		ADDED from [:LiteAVSDK_Smart_3.7.3403:] AndroidManifest.xml:24:9-35
	android:allowBackup
		ADDED from src/main/AndroidManifest.xml:28:7-33
	android:icon
		ADDED from src/main/AndroidManifest.xml:30:7-41
	android:theme
		ADDED from src/main/AndroidManifest.xml:31:7-38
	android:name
		ADDED from src/main/AndroidManifest.xml:27:7-38
activity#com.starcandy.wawaji.wawajilive.MainActivity
ADDED from src/main/AndroidManifest.xml:32:7-43:18
	android:screenOrientation
		ADDED from src/main/AndroidManifest.xml:38:9-45
	android:label
		ADDED from src/main/AndroidManifest.xml:34:9-41
	android:launchMode
		ADDED from src/main/AndroidManifest.xml:37:9-40
	android:windowSoftInputMode
		ADDED from src/main/AndroidManifest.xml:36:9-51
	android:configChanges
		ADDED from src/main/AndroidManifest.xml:35:9-79
	android:name
		ADDED from src/main/AndroidManifest.xml:33:9-37
intent-filter#android.intent.action.MAIN+android.intent.category.LAUNCHER
ADDED from src/main/AndroidManifest.xml:39:9-42:25
action#android.intent.action.MAIN
ADDED from src/main/AndroidManifest.xml:40:13-65
	android:name
		ADDED from src/main/AndroidManifest.xml:40:21-62
category#android.intent.category.LAUNCHER
ADDED from src/main/AndroidManifest.xml:41:13-73
	android:name
		ADDED from src/main/AndroidManifest.xml:41:23-70
activity#com.facebook.react.devsupport.DevSettingsActivity
ADDED from src/main/AndroidManifest.xml:44:7-84
MERGED from [wawajilive:react-native-code-push:unspecified] AndroidManifest.xml:14:9-86
	android:name
		ADDED from src/main/AndroidManifest.xml:44:17-81
activity#com.starcandy.wawaji.wxapi.WXEntryActivity
ADDED from src/main/AndroidManifest.xml:46:7-49:38
	android:label
		ADDED from src/main/AndroidManifest.xml:48:13-45
	android:exported
		ADDED from src/main/AndroidManifest.xml:49:13-36
	android:name
		ADDED from src/main/AndroidManifest.xml:47:13-70
activity#com.starcandy.wawaji.wxapi.WXPayEntryActivity
ADDED from src/main/AndroidManifest.xml:51:7-54:38
	android:label
		ADDED from src/main/AndroidManifest.xml:53:13-45
	android:exported
		ADDED from src/main/AndroidManifest.xml:54:13-36
	android:name
		ADDED from src/main/AndroidManifest.xml:52:13-73
service#com.tencent.qalsdk.service.QalService
ADDED from src/main/AndroidManifest.xml:57:9-61:19
	android:process
		ADDED from src/main/AndroidManifest.xml:60:13-42
	android:exported
		ADDED from src/main/AndroidManifest.xml:59:13-36
	android:name
		ADDED from src/main/AndroidManifest.xml:58:13-65
service#com.tencent.qalsdk.service.QalAssistService
ADDED from src/main/AndroidManifest.xml:62:9-66:19
	android:process
		ADDED from src/main/AndroidManifest.xml:65:13-42
	android:exported
		ADDED from src/main/AndroidManifest.xml:64:13-37
	android:name
		ADDED from src/main/AndroidManifest.xml:63:13-71
receiver#com.tencent.qalsdk.QALBroadcastReceiver
ADDED from src/main/AndroidManifest.xml:69:9-75:20
	android:exported
		ADDED from src/main/AndroidManifest.xml:71:13-37
	android:name
		ADDED from src/main/AndroidManifest.xml:70:13-67
intent-filter#com.tencent.qalsdk.broadcast.qal
ADDED from src/main/AndroidManifest.xml:72:13-74:29
action#com.tencent.qalsdk.broadcast.qal
ADDED from src/main/AndroidManifest.xml:73:17-75
	android:name
		ADDED from src/main/AndroidManifest.xml:73:25-72
receiver#com.tencent.qalsdk.core.NetConnInfoCenter
ADDED from src/main/AndroidManifest.xml:76:9-95:20
	android:process
		ADDED from src/main/AndroidManifest.xml:77:70-99
	android:name
		ADDED from src/main/AndroidManifest.xml:77:13-69
intent-filter#android.intent.action.BOOT_COMPLETED
ADDED from src/main/AndroidManifest.xml:78:13-80:29
action#android.intent.action.BOOT_COMPLETED
ADDED from src/main/AndroidManifest.xml:79:17-79
	android:name
		ADDED from src/main/AndroidManifest.xml:79:25-76
intent-filter#android.net.conn.CONNECTIVITY_CHANGE
ADDED from src/main/AndroidManifest.xml:81:13-83:29
action#android.net.conn.CONNECTIVITY_CHANGE
ADDED from src/main/AndroidManifest.xml:82:17-79
	android:name
		ADDED from src/main/AndroidManifest.xml:82:25-76
intent-filter#android.intent.action.TIME_SET
ADDED from src/main/AndroidManifest.xml:84:13-86:29
action#android.intent.action.TIME_SET
ADDED from src/main/AndroidManifest.xml:85:17-73
	android:name
		ADDED from src/main/AndroidManifest.xml:85:25-70
intent-filter#android.intent.action.TIMEZONE_CHANGED
ADDED from src/main/AndroidManifest.xml:87:13-89:29
action#android.intent.action.TIMEZONE_CHANGED
ADDED from src/main/AndroidManifest.xml:88:17-81
	android:name
		ADDED from src/main/AndroidManifest.xml:88:25-78
intent-filter#com.tencent.qalsdk.service.TASK_REMOVED
ADDED from src/main/AndroidManifest.xml:92:13-94:29
action#com.tencent.qalsdk.service.TASK_REMOVED
ADDED from src/main/AndroidManifest.xml:93:17-82
	android:name
		ADDED from src/main/AndroidManifest.xml:93:25-79
meta-data#UMENG_CHANNEL
ADDED from src/main/AndroidManifest.xml:97:9-99:54
	android:value
		ADDED from src/main/AndroidManifest.xml:99:13-51
		INJECTED from src/main/AndroidManifest.xml
	android:name
		ADDED from src/main/AndroidManifest.xml:98:13-41
meta-data#PUSH_APPID
ADDED from src/main/AndroidManifest.xml:101:9-80
	android:value
		ADDED from src/main/AndroidManifest.xml:101:46-77
		INJECTED from src/main/AndroidManifest.xml
	android:name
		ADDED from src/main/AndroidManifest.xml:101:20-45
meta-data#PUSH_APPKEY
ADDED from src/main/AndroidManifest.xml:102:9-82
	android:value
		ADDED from src/main/AndroidManifest.xml:102:47-79
		INJECTED from src/main/AndroidManifest.xml
	android:name
		ADDED from src/main/AndroidManifest.xml:102:20-46
meta-data#PUSH_APPSECRET
ADDED from src/main/AndroidManifest.xml:103:9-88
	android:value
		ADDED from src/main/AndroidManifest.xml:103:50-85
		INJECTED from src/main/AndroidManifest.xml
	android:name
		ADDED from src/main/AndroidManifest.xml:103:20-49
uses-sdk
INJECTED from src/main/AndroidManifest.xml reason: use-sdk injection requested
MERGED from [wawajilive:react-native-view-shot:unspecified] AndroidManifest.xml:7:5-9:41
MERGED from [wawajilive:react-native-code-push:unspecified] AndroidManifest.xml:7:5-9:41
MERGED from [wawajilive:react-native-picker:unspecified] AndroidManifest.xml:7:5-9:41
MERGED from [wawajilive:react-native-getui:unspecified] AndroidManifest.xml:7:5-9:41
MERGED from [wawajilive:react-native-sound:unspecified] AndroidManifest.xml:9:5-11:41
MERGED from [wawajilive:react-native-wechat:unspecified] AndroidManifest.xml:7:5-9:41
MERGED from [com.facebook.react:react-native:0.49.5] AndroidManifest.xml:7:5-9:41
MERGED from [com.android.support:appcompat-v7:23.0.1] AndroidManifest.xml:20:5-43
MERGED from [com.android.support:support-v4:23.0.1] AndroidManifest.xml:20:5-43
MERGED from [com.facebook.fbui.textlayoutbuilder:textlayoutbuilder:1.0.0] AndroidManifest.xml:14:5-16:41
MERGED from [com.facebook.fresco:fresco:1.3.0] AndroidManifest.xml:5:5-7:41
MERGED from [com.facebook.fresco:drawee:1.3.0] AndroidManifest.xml:5:5-7:41
MERGED from [com.facebook.fresco:imagepipeline-okhttp3:1.3.0] AndroidManifest.xml:5:5-7:41
MERGED from [com.facebook.fresco:imagepipeline:1.3.0] AndroidManifest.xml:5:5-7:41
MERGED from [com.facebook.fresco:imagepipeline-base:1.3.0] AndroidManifest.xml:5:5-7:41
MERGED from [com.facebook.fresco:fbcore:1.3.0] AndroidManifest.xml:5:5-7:41
MERGED from [com.facebook.soloader:soloader:0.1.0] AndroidManifest.xml:2:3-70
MERGED from [:LiteAVSDK_Smart_3.7.3403:] AndroidManifest.xml:7:5-9:41
MERGED from [com.tencent.bugly:crashreport_upgrade:1.3.4] AndroidManifest.xml:6:5-8:41
MERGED from [com.tencent.bugly:nativecrashreport:3.3.1] AndroidManifest.xml:5:5-7:41
MERGED from [com.android.support:multidex:1.0.1] AndroidManifest.xml:18:5-42
	android:targetSdkVersion
		INJECTED from src/main/AndroidManifest.xml
		INJECTED from src/main/AndroidManifest.xml
	android:minSdkVersion
		INJECTED from src/main/AndroidManifest.xml
		INJECTED from src/main/AndroidManifest.xml
uses-permission#android.permission.CHANGE_WIFI_STATE
ADDED from [wawajilive:react-native-getui:unspecified] AndroidManifest.xml:15:5-76
	android:name
		ADDED from [wawajilive:react-native-getui:unspecified] AndroidManifest.xml:15:22-73
uses-permission#android.permission.BLUETOOTH
ADDED from [wawajilive:react-native-getui:unspecified] AndroidManifest.xml:23:5-68
	android:name
		ADDED from [wawajilive:react-native-getui:unspecified] AndroidManifest.xml:23:22-65
uses-permission#android.permission.BLUETOOTH_ADMIN
ADDED from [wawajilive:react-native-getui:unspecified] AndroidManifest.xml:24:5-74
	android:name
		ADDED from [wawajilive:react-native-getui:unspecified] AndroidManifest.xml:24:22-71
uses-permission#android.permission.ACCESS_FINE_LOCATION
ADDED from [wawajilive:react-native-getui:unspecified] AndroidManifest.xml:26:5-79
	android:name
		ADDED from [wawajilive:react-native-getui:unspecified] AndroidManifest.xml:26:22-76
uses-permission#android.permission.ACCESS_COARSE_LOCATION
ADDED from [wawajilive:react-native-getui:unspecified] AndroidManifest.xml:27:5-81
	android:name
		ADDED from [wawajilive:react-native-getui:unspecified] AndroidManifest.xml:27:22-78
uses-permission#android.permission.SYSTEM_ALERT_WINDOW
ADDED from [wawajilive:react-native-getui:unspecified] AndroidManifest.xml:29:5-78
MERGED from [com.facebook.react:react-native:0.49.5] AndroidManifest.xml:11:5-78
	android:name
		ADDED from [wawajilive:react-native-getui:unspecified] AndroidManifest.xml:29:22-75
uses-permission#getui.permission.GetuiService.${applicationId}
ADDED from [wawajilive:react-native-getui:unspecified] AndroidManifest.xml:31:5-86
	android:name
		ADDED from [wawajilive:react-native-getui:unspecified] AndroidManifest.xml:31:22-83
permission#getui.permission.GetuiService.${applicationId}
ADDED from [wawajilive:react-native-getui:unspecified] AndroidManifest.xml:33:5-36:18
	android:protectionLevel
		ADDED from [wawajilive:react-native-getui:unspecified] AndroidManifest.xml:35:9-41
	android:name
		ADDED from [wawajilive:react-native-getui:unspecified] AndroidManifest.xml:34:9-70
service#com.igexin.sdk.PushService
ADDED from [wawajilive:react-native-getui:unspecified] AndroidManifest.xml:41:9-49:19
	android:process
		ADDED from [wawajilive:react-native-getui:unspecified] AndroidManifest.xml:45:13-43
	android:label
		ADDED from [wawajilive:react-native-getui:unspecified] AndroidManifest.xml:44:13-47
	android:exported
		ADDED from [wawajilive:react-native-getui:unspecified] AndroidManifest.xml:43:13-36
	android:name
		ADDED from [wawajilive:react-native-getui:unspecified] AndroidManifest.xml:42:13-54
intent-filter#com.igexin.sdk.action.service.message
ADDED from [wawajilive:react-native-getui:unspecified] AndroidManifest.xml:46:13-48:29
action#com.igexin.sdk.action.service.message
ADDED from [wawajilive:react-native-getui:unspecified] AndroidManifest.xml:47:17-80
	android:name
		ADDED from [wawajilive:react-native-getui:unspecified] AndroidManifest.xml:47:25-77
receiver#com.igexin.sdk.PushReceiver
ADDED from [wawajilive:react-native-getui:unspecified] AndroidManifest.xml:51:9-62:20
	android:name
		ADDED from [wawajilive:react-native-getui:unspecified] AndroidManifest.xml:51:19-61
intent-filter#android.intent.action.ACTION_POWER_CONNECTED+android.intent.action.ACTION_POWER_DISCONNECTED+android.intent.action.BOOT_COMPLETED+android.intent.action.MEDIA_MOUNTED+android.intent.action.USER_PRESENT+android.net.conn.CONNECTIVITY_CHANGE+com.igexin.sdk.action.refreshls
ADDED from [wawajilive:react-native-getui:unspecified] AndroidManifest.xml:52:13-61:29
action#android.intent.action.USER_PRESENT
ADDED from [wawajilive:react-native-getui:unspecified] AndroidManifest.xml:55:17-77
	android:name
		ADDED from [wawajilive:react-native-getui:unspecified] AndroidManifest.xml:55:25-74
action#com.igexin.sdk.action.refreshls
ADDED from [wawajilive:react-native-getui:unspecified] AndroidManifest.xml:56:17-74
	android:name
		ADDED from [wawajilive:react-native-getui:unspecified] AndroidManifest.xml:56:25-71
action#android.intent.action.MEDIA_MOUNTED
ADDED from [wawajilive:react-native-getui:unspecified] AndroidManifest.xml:58:17-78
	android:name
		ADDED from [wawajilive:react-native-getui:unspecified] AndroidManifest.xml:58:25-75
action#android.intent.action.ACTION_POWER_CONNECTED
ADDED from [wawajilive:react-native-getui:unspecified] AndroidManifest.xml:59:17-87
	android:name
		ADDED from [wawajilive:react-native-getui:unspecified] AndroidManifest.xml:59:25-84
action#android.intent.action.ACTION_POWER_DISCONNECTED
ADDED from [wawajilive:react-native-getui:unspecified] AndroidManifest.xml:60:17-90
	android:name
		ADDED from [wawajilive:react-native-getui:unspecified] AndroidManifest.xml:60:25-87
activity#com.igexin.sdk.PushActivity
ADDED from [wawajilive:react-native-getui:unspecified] AndroidManifest.xml:64:9-71:20
	android:process
		ADDED from [wawajilive:react-native-getui:unspecified] AndroidManifest.xml:68:13-43
	android:excludeFromRecents
		ADDED from [wawajilive:react-native-getui:unspecified] AndroidManifest.xml:66:13-46
	android:exported
		ADDED from [wawajilive:react-native-getui:unspecified] AndroidManifest.xml:67:13-37
	android:theme
		ADDED from [wawajilive:react-native-getui:unspecified] AndroidManifest.xml:70:13-72
	android:taskAffinity
		ADDED from [wawajilive:react-native-getui:unspecified] AndroidManifest.xml:69:13-67
	android:name
		ADDED from [wawajilive:react-native-getui:unspecified] AndroidManifest.xml:65:13-55
activity#com.igexin.sdk.GActivity
ADDED from [wawajilive:react-native-getui:unspecified] AndroidManifest.xml:72:9-78:75
	android:process
		ADDED from [wawajilive:react-native-getui:unspecified] AndroidManifest.xml:76:13-43
	android:excludeFromRecents
		ADDED from [wawajilive:react-native-getui:unspecified] AndroidManifest.xml:74:13-46
	android:exported
		ADDED from [wawajilive:react-native-getui:unspecified] AndroidManifest.xml:75:13-36
	android:theme
		ADDED from [wawajilive:react-native-getui:unspecified] AndroidManifest.xml:78:13-72
	android:taskAffinity
		ADDED from [wawajilive:react-native-getui:unspecified] AndroidManifest.xml:77:13-67
	android:name
		ADDED from [wawajilive:react-native-getui:unspecified] AndroidManifest.xml:73:13-52
service#com.getui.reactnativegetui.PushService
ADDED from [wawajilive:react-native-getui:unspecified] AndroidManifest.xml:80:9-84:46
	android:process
		ADDED from [wawajilive:react-native-getui:unspecified] AndroidManifest.xml:84:13-43
	android:label
		ADDED from [wawajilive:react-native-getui:unspecified] AndroidManifest.xml:83:13-40
	android:exported
		ADDED from [wawajilive:react-native-getui:unspecified] AndroidManifest.xml:82:13-36
	android:name
		ADDED from [wawajilive:react-native-getui:unspecified] AndroidManifest.xml:81:13-66
service#com.getui.reactnativegetui.PushIntentService
ADDED from [wawajilive:react-native-getui:unspecified] AndroidManifest.xml:85:9-80
	android:name
		ADDED from [wawajilive:react-native-getui:unspecified] AndroidManifest.xml:85:18-77
uses-permission#android.permission.READ_EXTERNAL_STORAGE
IMPLIED from src/main/AndroidManifest.xml:1:1-106:12 reason: org.webkit.android_jsc requested WRITE_EXTERNAL_STORAGE
MERGED from [:LiteAVSDK_Smart_3.7.3403:] AndroidManifest.xml:19:5-88
uses-permission#android.permission.CAMERA
ADDED from [:LiteAVSDK_Smart_3.7.3403:] AndroidManifest.xml:11:5-65
	android:name
		ADDED from [:LiteAVSDK_Smart_3.7.3403:] AndroidManifest.xml:11:22-62
uses-permission#android.permission.MOUNT_UNMOUNT_FILESYSTEMS
ADDED from [:LiteAVSDK_Smart_3.7.3403:] AndroidManifest.xml:15:5-84
	android:name
		ADDED from [:LiteAVSDK_Smart_3.7.3403:] AndroidManifest.xml:15:22-81
activity#com.tencent.bugly.beta.ui.BetaActivity
ADDED from [com.tencent.bugly:crashreport_upgrade:1.3.4] AndroidManifest.xml:22:9-26:56
	android:configChanges
		ADDED from [com.tencent.bugly:crashreport_upgrade:1.3.4] AndroidManifest.xml:24:13-81
	android:theme
		ADDED from [com.tencent.bugly:crashreport_upgrade:1.3.4] AndroidManifest.xml:25:13-61
	tools:replace
		ADDED from [com.tencent.bugly:crashreport_upgrade:1.3.4] AndroidManifest.xml:26:13-53
	android:name
		ADDED from [com.tencent.bugly:crashreport_upgrade:1.3.4] AndroidManifest.xml:23:13-66
provider#com.tencent.bugly.beta.utils.BuglyFileProvider
ADDED from [com.tencent.bugly:crashreport_upgrade:1.3.4] AndroidManifest.xml:28:9-38:20
	android:authorities
		ADDED from [com.tencent.bugly:crashreport_upgrade:1.3.4] AndroidManifest.xml:30:13-64
	android:grantUriPermissions
		ADDED from [com.tencent.bugly:crashreport_upgrade:1.3.4] AndroidManifest.xml:32:13-47
	android:exported
		ADDED from [com.tencent.bugly:crashreport_upgrade:1.3.4] AndroidManifest.xml:31:13-37
	tools:replace
		ADDED from [com.tencent.bugly:crashreport_upgrade:1.3.4] AndroidManifest.xml:33:13-74
	android:name
		ADDED from [com.tencent.bugly:crashreport_upgrade:1.3.4] AndroidManifest.xml:29:13-74
meta-data#android.support.FILE_PROVIDER_PATHS
ADDED from [com.tencent.bugly:crashreport_upgrade:1.3.4] AndroidManifest.xml:34:13-37:49
	android:resource
		ADDED from [com.tencent.bugly:crashreport_upgrade:1.3.4] AndroidManifest.xml:36:17-55
	tools:replace
		ADDED from [com.tencent.bugly:crashreport_upgrade:1.3.4] AndroidManifest.xml:37:17-46
	android:name
		ADDED from [com.tencent.bugly:crashreport_upgrade:1.3.4] AndroidManifest.xml:35:17-67
service#com.tencent.bugly.beta.tinker.TinkerResultService
ADDED from [com.tencent.bugly:crashreport_upgrade:1.3.4] AndroidManifest.xml:40:9-42:40
	android:exported
		ADDED from [com.tencent.bugly:crashreport_upgrade:1.3.4] AndroidManifest.xml:42:13-37
	android:name
		ADDED from [com.tencent.bugly:crashreport_upgrade:1.3.4] AndroidManifest.xml:41:13-77
activity#com.tencent.tinker.loader.hotplug.ActivityStubs$STDStub_00
ADDED from [com.tencent.bugly:crashreport_upgrade:1.3.4] AndroidManifest.xml:44:9-95
	android:name
		ADDED from [com.tencent.bugly:crashreport_upgrade:1.3.4] AndroidManifest.xml:44:19-92
activity#com.tencent.tinker.loader.hotplug.ActivityStubs$STDStub_01
ADDED from [com.tencent.bugly:crashreport_upgrade:1.3.4] AndroidManifest.xml:45:9-95
	android:name
		ADDED from [com.tencent.bugly:crashreport_upgrade:1.3.4] AndroidManifest.xml:45:19-92
activity#com.tencent.tinker.loader.hotplug.ActivityStubs$STDStub_02
ADDED from [com.tencent.bugly:crashreport_upgrade:1.3.4] AndroidManifest.xml:46:9-95
	android:name
		ADDED from [com.tencent.bugly:crashreport_upgrade:1.3.4] AndroidManifest.xml:46:19-92
activity#com.tencent.tinker.loader.hotplug.ActivityStubs$STDStub_03
ADDED from [com.tencent.bugly:crashreport_upgrade:1.3.4] AndroidManifest.xml:47:9-95
	android:name
		ADDED from [com.tencent.bugly:crashreport_upgrade:1.3.4] AndroidManifest.xml:47:19-92
activity#com.tencent.tinker.loader.hotplug.ActivityStubs$STDStub_04
ADDED from [com.tencent.bugly:crashreport_upgrade:1.3.4] AndroidManifest.xml:48:9-95
	android:name
		ADDED from [com.tencent.bugly:crashreport_upgrade:1.3.4] AndroidManifest.xml:48:19-92
activity#com.tencent.tinker.loader.hotplug.ActivityStubs$STDStub_05
ADDED from [com.tencent.bugly:crashreport_upgrade:1.3.4] AndroidManifest.xml:49:9-95
	android:name
		ADDED from [com.tencent.bugly:crashreport_upgrade:1.3.4] AndroidManifest.xml:49:19-92
activity#com.tencent.tinker.loader.hotplug.ActivityStubs$STDStub_06
ADDED from [com.tencent.bugly:crashreport_upgrade:1.3.4] AndroidManifest.xml:50:9-95
	android:name
		ADDED from [com.tencent.bugly:crashreport_upgrade:1.3.4] AndroidManifest.xml:50:19-92
activity#com.tencent.tinker.loader.hotplug.ActivityStubs$STDStub_07
ADDED from [com.tencent.bugly:crashreport_upgrade:1.3.4] AndroidManifest.xml:51:9-95
	android:name
		ADDED from [com.tencent.bugly:crashreport_upgrade:1.3.4] AndroidManifest.xml:51:19-92
activity#com.tencent.tinker.loader.hotplug.ActivityStubs$STDStub_08
ADDED from [com.tencent.bugly:crashreport_upgrade:1.3.4] AndroidManifest.xml:52:9-95
	android:name
		ADDED from [com.tencent.bugly:crashreport_upgrade:1.3.4] AndroidManifest.xml:52:19-92
activity#com.tencent.tinker.loader.hotplug.ActivityStubs$STDStub_09
ADDED from [com.tencent.bugly:crashreport_upgrade:1.3.4] AndroidManifest.xml:53:9-95
	android:name
		ADDED from [com.tencent.bugly:crashreport_upgrade:1.3.4] AndroidManifest.xml:53:19-92
activity#com.tencent.tinker.loader.hotplug.ActivityStubs$STDStub_00_T
ADDED from [com.tencent.bugly:crashreport_upgrade:1.3.4] AndroidManifest.xml:54:9-56:64
	android:theme
		ADDED from [com.tencent.bugly:crashreport_upgrade:1.3.4] AndroidManifest.xml:56:13-61
	android:name
		ADDED from [com.tencent.bugly:crashreport_upgrade:1.3.4] AndroidManifest.xml:55:13-88
activity#com.tencent.tinker.loader.hotplug.ActivityStubs$STDStub_01_T
ADDED from [com.tencent.bugly:crashreport_upgrade:1.3.4] AndroidManifest.xml:57:9-59:64
	android:theme
		ADDED from [com.tencent.bugly:crashreport_upgrade:1.3.4] AndroidManifest.xml:59:13-61
	android:name
		ADDED from [com.tencent.bugly:crashreport_upgrade:1.3.4] AndroidManifest.xml:58:13-88
activity#com.tencent.tinker.loader.hotplug.ActivityStubs$STDStub_02_T
ADDED from [com.tencent.bugly:crashreport_upgrade:1.3.4] AndroidManifest.xml:60:9-62:64
	android:theme
		ADDED from [com.tencent.bugly:crashreport_upgrade:1.3.4] AndroidManifest.xml:62:13-61
	android:name
		ADDED from [com.tencent.bugly:crashreport_upgrade:1.3.4] AndroidManifest.xml:61:13-88
activity#com.tencent.tinker.loader.hotplug.ActivityStubs$SGTStub_00
ADDED from [com.tencent.bugly:crashreport_upgrade:1.3.4] AndroidManifest.xml:63:9-65:46
	android:launchMode
		ADDED from [com.tencent.bugly:crashreport_upgrade:1.3.4] AndroidManifest.xml:65:13-43
	android:name
		ADDED from [com.tencent.bugly:crashreport_upgrade:1.3.4] AndroidManifest.xml:64:13-86
activity#com.tencent.tinker.loader.hotplug.ActivityStubs$SGTStub_01
ADDED from [com.tencent.bugly:crashreport_upgrade:1.3.4] AndroidManifest.xml:66:9-68:46
	android:launchMode
		ADDED from [com.tencent.bugly:crashreport_upgrade:1.3.4] AndroidManifest.xml:68:13-43
	android:name
		ADDED from [com.tencent.bugly:crashreport_upgrade:1.3.4] AndroidManifest.xml:67:13-86
activity#com.tencent.tinker.loader.hotplug.ActivityStubs$SGTStub_02
ADDED from [com.tencent.bugly:crashreport_upgrade:1.3.4] AndroidManifest.xml:69:9-71:46
	android:launchMode
		ADDED from [com.tencent.bugly:crashreport_upgrade:1.3.4] AndroidManifest.xml:71:13-43
	android:name
		ADDED from [com.tencent.bugly:crashreport_upgrade:1.3.4] AndroidManifest.xml:70:13-86
activity#com.tencent.tinker.loader.hotplug.ActivityStubs$SGTStub_03
ADDED from [com.tencent.bugly:crashreport_upgrade:1.3.4] AndroidManifest.xml:72:9-74:46
	android:launchMode
		ADDED from [com.tencent.bugly:crashreport_upgrade:1.3.4] AndroidManifest.xml:74:13-43
	android:name
		ADDED from [com.tencent.bugly:crashreport_upgrade:1.3.4] AndroidManifest.xml:73:13-86
activity#com.tencent.tinker.loader.hotplug.ActivityStubs$SGTStub_04
ADDED from [com.tencent.bugly:crashreport_upgrade:1.3.4] AndroidManifest.xml:75:9-77:46
	android:launchMode
		ADDED from [com.tencent.bugly:crashreport_upgrade:1.3.4] AndroidManifest.xml:77:13-43
	android:name
		ADDED from [com.tencent.bugly:crashreport_upgrade:1.3.4] AndroidManifest.xml:76:13-86
activity#com.tencent.tinker.loader.hotplug.ActivityStubs$SGTStub_05
ADDED from [com.tencent.bugly:crashreport_upgrade:1.3.4] AndroidManifest.xml:78:9-80:46
	android:launchMode
		ADDED from [com.tencent.bugly:crashreport_upgrade:1.3.4] AndroidManifest.xml:80:13-43
	android:name
		ADDED from [com.tencent.bugly:crashreport_upgrade:1.3.4] AndroidManifest.xml:79:13-86
activity#com.tencent.tinker.loader.hotplug.ActivityStubs$SGTStub_06
ADDED from [com.tencent.bugly:crashreport_upgrade:1.3.4] AndroidManifest.xml:81:9-83:46
	android:launchMode
		ADDED from [com.tencent.bugly:crashreport_upgrade:1.3.4] AndroidManifest.xml:83:13-43
	android:name
		ADDED from [com.tencent.bugly:crashreport_upgrade:1.3.4] AndroidManifest.xml:82:13-86
activity#com.tencent.tinker.loader.hotplug.ActivityStubs$SGTStub_07
ADDED from [com.tencent.bugly:crashreport_upgrade:1.3.4] AndroidManifest.xml:84:9-86:46
	android:launchMode
		ADDED from [com.tencent.bugly:crashreport_upgrade:1.3.4] AndroidManifest.xml:86:13-43
	android:name
		ADDED from [com.tencent.bugly:crashreport_upgrade:1.3.4] AndroidManifest.xml:85:13-86
activity#com.tencent.tinker.loader.hotplug.ActivityStubs$SGTStub_08